Determining if the pthread_create exist failed with the following output:
Change Dir: /home/ccc_v1_w_dd4cc_18220/asn12457_Project_1/asn12458_Project_1/work/catkin_ws/build/CMakeFiles/CMakeTmp

Run Build Command:/usr/bin/make "cmTryCompileExec482527989/fast"
/usr/bin/make -f CMakeFiles/cmTryCompileExec482527989.dir/build.make CMakeFiles/cmTryCompileExec482527989.dir/build
make[1]: Entering directory `/home/ccc_v1_w_dd4cc_18220/asn12457_Project_1/asn12458_Project_1/work/catkin_ws/build/CMakeFiles/CMakeTmp'
/usr/bin/cmake -E cmake_progress_report /home/ccc_v1_w_dd4cc_18220/asn12457_Project_1/asn12458_Project_1/work/catkin_ws/build/CMakeFiles/CMakeTmp/CMakeFiles 1
Building C object CMakeFiles/cmTryCompileExec482527989.dir/CheckSymbolExists.c.o
/usr/bin/cc    -o CMakeFiles/cmTryCompileExec482527989.dir/CheckSymbolExists.c.o   -c /home/ccc_v1_w_dd4cc_18220/asn12457_Project_1/asn12458_Project_1/work/catkin_ws/build/CMakeFiles/CMakeTmp/CheckSymbolExists.c
Linking C executable cmTryCompileExec482527989
/usr/bin/cmake -E cmake_link_script CMakeFiles/cmTryCompileExec482527989.dir/link.txt --verbose=1
/usr/bin/cc       CMakeFiles/cmTryCompileExec482527989.dir/CheckSymbolExists.c.o  -o cmTryCompileExec482527989 -rdynamic 
CMakeFiles/cmTryCompileExec482527989.dir/CheckSymbolExists.c.o: In function `main':
CheckSymbolExists.c:(.text+0x16): undefined reference to `pthread_create'
collect2: error: ld returned 1 exit status
make[1]: *** [cmTryCompileExec482527989] Error 1
make[1]: Leaving directory `/home/ccc_v1_w_dd4cc_18220/asn12457_Project_1/asn12458_Project_1/work/catkin_ws/build/CMakeFiles/CMakeTmp'
make: *** [cmTryCompileExec482527989/fast] Error 2

File /home/ccc_v1_w_dd4cc_18220/asn12457_Project_1/asn12458_Project_1/work/catkin_ws/build/CMakeFiles/CMakeTmp/CheckSymbolExists.c:
/* */
#include <pthread.h>

int main(int argc, char** argv)
{
  (void)argv;
#ifndef pthread_create
  return ((int*)(&pthread_create))[argc];
#else
  (void)argc;
  return 0;
#endif
}

Determining if the function pthread_create exists in the pthreads failed with the following output:
Change Dir: /home/ccc_v1_w_dd4cc_18220/asn12457_Project_1/asn12458_Project_1/work/catkin_ws/build/CMakeFiles/CMakeTmp

Run Build Command:/usr/bin/make "cmTryCompileExec857383385/fast"
/usr/bin/make -f CMakeFiles/cmTryCompileExec857383385.dir/build.make CMakeFiles/cmTryCompileExec857383385.dir/build
make[1]: Entering directory `/home/ccc_v1_w_dd4cc_18220/asn12457_Project_1/asn12458_Project_1/work/catkin_ws/build/CMakeFiles/CMakeTmp'
/usr/bin/cmake -E cmake_progress_report /home/ccc_v1_w_dd4cc_18220/asn12457_Project_1/asn12458_Project_1/work/catkin_ws/build/CMakeFiles/CMakeTmp/CMakeFiles 1
Building C object CMakeFiles/cmTryCompileExec857383385.dir/CheckFunctionExists.c.o
/usr/bin/cc   -DCHECK_FUNCTION_EXISTS=pthread_create   -o CMakeFiles/cmTryCompileExec857383385.dir/CheckFunctionExists.c.o   -c /usr/share/cmake-2.8/Modules/CheckFunctionExists.c
Linking C executable cmTryCompileExec857383385
/usr/bin/cmake -E cmake_link_script CMakeFiles/cmTryCompileExec857383385.dir/link.txt --verbose=1
/usr/bin/cc   -DCHECK_FUNCTION_EXISTS=pthread_create    CMakeFiles/cmTryCompileExec857383385.dir/CheckFunctionExists.c.o  -o cmTryCompileExec857383385 -rdynamic -lpthreads 
/usr/bin/ld: cannot find -lpthreads
collect2: error: ld returned 1 exit status
make[1]: *** [cmTryCompileExec857383385] Error 1
make[1]: Leaving directory `/home/ccc_v1_w_dd4cc_18220/asn12457_Project_1/asn12458_Project_1/work/catkin_ws/build/CMakeFiles/CMakeTmp'
make: *** [cmTryCompileExec857383385/fast] Error 2


