Determining if the pthread_create exist failed with the following output:
Change Dir: /home/ccc_v1_w_dd4cc_18220/asn12663_Vocareum_Proxy_Project_2_-1/asn12664_Project_2/work/catkin_ws/build/CMakeFiles/CMakeTmp

Run Build Command:/usr/bin/make "cmTryCompileExec4063496025/fast"
/usr/bin/make -f CMakeFiles/cmTryCompileExec4063496025.dir/build.make CMakeFiles/cmTryCompileExec4063496025.dir/build
make[1]: Entering directory `/home/ccc_v1_w_dd4cc_18220/asn12663_Vocareum_Proxy_Project_2_-1/asn12664_Project_2/work/catkin_ws/build/CMakeFiles/CMakeTmp'
/usr/bin/cmake -E cmake_progress_report /home/ccc_v1_w_dd4cc_18220/asn12663_Vocareum_Proxy_Project_2_-1/asn12664_Project_2/work/catkin_ws/build/CMakeFiles/CMakeTmp/CMakeFiles 1
Building C object CMakeFiles/cmTryCompileExec4063496025.dir/CheckSymbolExists.c.o
/usr/bin/cc    -o CMakeFiles/cmTryCompileExec4063496025.dir/CheckSymbolExists.c.o   -c /home/ccc_v1_w_dd4cc_18220/asn12663_Vocareum_Proxy_Project_2_-1/asn12664_Project_2/work/catkin_ws/build/CMakeFiles/CMakeTmp/CheckSymbolExists.c
Linking C executable cmTryCompileExec4063496025
/usr/bin/cmake -E cmake_link_script CMakeFiles/cmTryCompileExec4063496025.dir/link.txt --verbose=1
/usr/bin/cc       CMakeFiles/cmTryCompileExec4063496025.dir/CheckSymbolExists.c.o  -o cmTryCompileExec4063496025 -rdynamic 
CMakeFiles/cmTryCompileExec4063496025.dir/CheckSymbolExists.c.o: In function `main':
CheckSymbolExists.c:(.text+0x16): undefined reference to `pthread_create'
collect2: error: ld returned 1 exit status
make[1]: *** [cmTryCompileExec4063496025] Error 1
make[1]: Leaving directory `/home/ccc_v1_w_dd4cc_18220/asn12663_Vocareum_Proxy_Project_2_-1/asn12664_Project_2/work/catkin_ws/build/CMakeFiles/CMakeTmp'
make: *** [cmTryCompileExec4063496025/fast] Error 2

File /home/ccc_v1_w_dd4cc_18220/asn12663_Vocareum_Proxy_Project_2_-1/asn12664_Project_2/work/catkin_ws/build/CMakeFiles/CMakeTmp/CheckSymbolExists.c:
/* */
#include <pthread.h>

int main(int argc, char** argv)
{
  (void)argv;
#ifndef pthread_create
  return ((int*)(&pthread_create))[argc];
#else
  (void)argc;
  return 0;
#endif
}

Determining if the function pthread_create exists in the pthreads failed with the following output:
Change Dir: /home/ccc_v1_w_dd4cc_18220/asn12663_Vocareum_Proxy_Project_2_-1/asn12664_Project_2/work/catkin_ws/build/CMakeFiles/CMakeTmp

Run Build Command:/usr/bin/make "cmTryCompileExec1892235464/fast"
/usr/bin/make -f CMakeFiles/cmTryCompileExec1892235464.dir/build.make CMakeFiles/cmTryCompileExec1892235464.dir/build
make[1]: Entering directory `/home/ccc_v1_w_dd4cc_18220/asn12663_Vocareum_Proxy_Project_2_-1/asn12664_Project_2/work/catkin_ws/build/CMakeFiles/CMakeTmp'
/usr/bin/cmake -E cmake_progress_report /home/ccc_v1_w_dd4cc_18220/asn12663_Vocareum_Proxy_Project_2_-1/asn12664_Project_2/work/catkin_ws/build/CMakeFiles/CMakeTmp/CMakeFiles 1
Building C object CMakeFiles/cmTryCompileExec1892235464.dir/CheckFunctionExists.c.o
/usr/bin/cc   -DCHECK_FUNCTION_EXISTS=pthread_create   -o CMakeFiles/cmTryCompileExec1892235464.dir/CheckFunctionExists.c.o   -c /usr/share/cmake-2.8/Modules/CheckFunctionExists.c
Linking C executable cmTryCompileExec1892235464
/usr/bin/cmake -E cmake_link_script CMakeFiles/cmTryCompileExec1892235464.dir/link.txt --verbose=1
/usr/bin/cc   -DCHECK_FUNCTION_EXISTS=pthread_create    CMakeFiles/cmTryCompileExec1892235464.dir/CheckFunctionExists.c.o  -o cmTryCompileExec1892235464 -rdynamic -lpthreads 
/usr/bin/ld: cannot find -lpthreads
collect2: error: ld returned 1 exit status
make[1]: *** [cmTryCompileExec1892235464] Error 1
make[1]: Leaving directory `/home/ccc_v1_w_dd4cc_18220/asn12663_Vocareum_Proxy_Project_2_-1/asn12664_Project_2/work/catkin_ws/build/CMakeFiles/CMakeTmp'
make: *** [cmTryCompileExec1892235464/fast] Error 2


